[13-Jun-2021 16:11:11] NOTICE: fpm is running, pid 88064
[13-Jun-2021 16:11:11] NOTICE: ready to handle connections
[13-Jun-2021 16:57:44] NOTICE: Terminating ...
[13-Jun-2021 16:57:44] NOTICE: Terminating ...
[13-Jun-2021 16:57:44] NOTICE: exiting, bye-bye!
[13-Jun-2021 17:02:02] NOTICE: fpm is running, pid 89252
[13-Jun-2021 17:02:02] NOTICE: ready to handle connections
[29-Jun-2021 08:29:09] NOTICE: fpm is running, pid 44807
[29-Jun-2021 08:29:09] NOTICE: ready to handle connections
[30-Jun-2021 08:26:45] NOTICE: fpm is running, pid 54114
[30-Jun-2021 08:26:45] NOTICE: ready to handle connections
[04-Jul-2021 16:22:00] NOTICE: fpm is running, pid 11198
[04-Jul-2021 16:22:00] NOTICE: ready to handle connections
[08-Jul-2021 08:39:25] NOTICE: fpm is running, pid 936
[08-Jul-2021 08:39:25] NOTICE: ready to handle connections
[12-Jul-2021 08:32:36] NOTICE: fpm is running, pid 6509
[12-Jul-2021 08:32:36] NOTICE: ready to handle connections
[12-Jul-2021 09:05:25] NOTICE: Terminating ...
[12-Jul-2021 09:05:25] NOTICE: Terminating ...
[12-Jul-2021 09:05:25] NOTICE: exiting, bye-bye!
[13-Jul-2021 08:36:39] NOTICE: fpm is running, pid 7646
[13-Jul-2021 08:36:39] NOTICE: ready to handle connections
