AH00558: httpd: Could not reliably determine the server's fully qualified domain name, using rikinoMacBook-Pro.local. Set the 'ServerName' directive globally to suppress this message
[Sun Jun 13 16:11:11.594387 2021] [mpm_event:notice] [pid 88066:tid 4641568192] AH00489: Apache/2.4.43 (Unix) configured -- resuming normal operations
[Sun Jun 13 16:11:11.594829 2021] [core:notice] [pid 88066:tid 4641568192] AH00094: Command line: '/Users/riki/Library/Application Support/Local/lightning-services/apache-2.4.43+6/bin/darwin/bin/httpd -D FOREGROUND -f /Users/riki/Library/Application Support/Local/run/Irmeiriej/conf/apache/apache2.conf'
[Sun Jun 13 16:57:44.388765 2021] [mpm_event:notice] [pid 88066:tid 4641568192] AH00491: caught SIGTERM, shutting down
AH00558: httpd: Could not reliably determine the server's fully qualified domain name, using rikinoMacBook-Pro.local. Set the 'ServerName' directive globally to suppress this message
[Sun Jun 13 17:02:02.293564 2021] [mpm_event:notice] [pid 89254:tid 4629628352] AH00489: Apache/2.4.43 (Unix) configured -- resuming normal operations
[Sun Jun 13 17:02:02.294270 2021] [core:notice] [pid 89254:tid 4629628352] AH00094: Command line: '/Users/riki/Library/Application Support/Local/lightning-services/apache-2.4.43+6/bin/darwin/bin/httpd -D FOREGROUND -f /Users/riki/Library/Application Support/Local/run/Irmeiriej/conf/apache/apache2.conf'
AH00558: httpd: Could not reliably determine the server's fully qualified domain name, using rikinoMacBook-Pro.local. Set the 'ServerName' directive globally to suppress this message
[Tue Jun 29 08:29:09.786793 2021] [mpm_event:notice] [pid 44809:tid 4656260544] AH00489: Apache/2.4.43 (Unix) configured -- resuming normal operations
[Tue Jun 29 08:29:09.787210 2021] [core:notice] [pid 44809:tid 4656260544] AH00094: Command line: '/Users/riki/Library/Application Support/Local/lightning-services/apache-2.4.43+6/bin/darwin/bin/httpd -D FOREGROUND -f /Users/riki/Library/Application Support/Local/run/Irmeiriej/conf/apache/apache2.conf'
AH00558: httpd: Could not reliably determine the server's fully qualified domain name, using rikinoMacBook-Pro.local. Set the 'ServerName' directive globally to suppress this message
[Wed Jun 30 08:26:45.783228 2021] [mpm_event:notice] [pid 54116:tid 4449465792] AH00489: Apache/2.4.43 (Unix) configured -- resuming normal operations
[Wed Jun 30 08:26:45.783548 2021] [core:notice] [pid 54116:tid 4449465792] AH00094: Command line: '/Users/riki/Library/Application Support/Local/lightning-services/apache-2.4.43+6/bin/darwin/bin/httpd -D FOREGROUND -f /Users/riki/Library/Application Support/Local/run/Irmeiriej/conf/apache/apache2.conf'
AH00558: httpd: Could not reliably determine the server's fully qualified domain name, using rikinoMacBook-Pro.local. Set the 'ServerName' directive globally to suppress this message
[Sun Jul 04 16:22:00.497127 2021] [mpm_event:notice] [pid 11200:tid 4566062528] AH00489: Apache/2.4.43 (Unix) configured -- resuming normal operations
[Sun Jul 04 16:22:00.497434 2021] [core:notice] [pid 11200:tid 4566062528] AH00094: Command line: '/Users/riki/Library/Application Support/Local/lightning-services/apache-2.4.43+6/bin/darwin/bin/httpd -D FOREGROUND -f /Users/riki/Library/Application Support/Local/run/Irmeiriej/conf/apache/apache2.conf'
AH00558: httpd: Could not reliably determine the server's fully qualified domain name, using rikinoMacBook-Pro.local. Set the 'ServerName' directive globally to suppress this message
[Thu Jul 08 08:39:25.743695 2021] [mpm_event:notice] [pid 938:tid 4487783872] AH00489: Apache/2.4.43 (Unix) configured -- resuming normal operations
[Thu Jul 08 08:39:25.744040 2021] [core:notice] [pid 938:tid 4487783872] AH00094: Command line: '/Users/riki/Library/Application Support/Local/lightning-services/apache-2.4.43+6/bin/darwin/bin/httpd -D FOREGROUND -f /Users/riki/Library/Application Support/Local/run/Irmeiriej/conf/apache/apache2.conf'
AH00558: httpd: Could not reliably determine the server's fully qualified domain name, using rikinoMacBook-Pro.local. Set the 'ServerName' directive globally to suppress this message
[Mon Jul 12 08:32:36.303122 2021] [mpm_event:notice] [pid 6511:tid 4420433344] AH00489: Apache/2.4.43 (Unix) configured -- resuming normal operations
[Mon Jul 12 08:32:36.303357 2021] [core:notice] [pid 6511:tid 4420433344] AH00094: Command line: '/Users/riki/Library/Application Support/Local/lightning-services/apache-2.4.43+6/bin/darwin/bin/httpd -D FOREGROUND -f /Users/riki/Library/Application Support/Local/run/Irmeiriej/conf/apache/apache2.conf'
